[08/18/2022 06:37:36] Debug: Session id: 6a0cd907-2d62-43cd-bc1e-053dbe134e5c
[08/18/2022 06:37:36] Debug: Code Processor information: Name :SnowConvert, Version: 7.11.81.0
[08/18/2022 06:37:37] Debug: Getting license
[08/18/2022 06:37:37] Debug: License information
	Status: Failed
	Message: No active license available.
[08/18/2022 06:37:37] Info: Starting to validate parameters
[08/18/2022 06:37:37] Info: Parameters to validate: 
	Execution mode: Conversion
	LICENSE_KEY: a3372138-b87e-4a08-b929-3b48b24c63f1
[08/18/2022 06:37:37] Info: Validation of parameters: Success
[08/18/2022 06:37:37] Debug: Getting code descriptor
[08/18/2022 06:37:37] Debug: Code descriptor information
	Units: 51
	Units type: LOC
	All file bytes: 2141
	All found extensions: .sql,.dml,.ddl,.bteq,.btq,.fl,.fload,.ml,.mload,.mld,.tp,.tpump,.tpt
[08/18/2022 06:37:37] Debug: Calculating fingerprint
[08/18/2022 06:37:37] Debug: Fingerprint information Fingerprint(size=2141,projects=1)
[08/18/2022 06:37:37] Info: Starting to try to validate online license for execution
[08/18/2022 06:37:38] Debug: Getting license
[08/18/2022 06:37:38] Debug: License information
	Status: Failed
	Message: No active license available.
[08/18/2022 06:37:38] Debug: Starting the execution of the controller
[08/18/2022 06:37:39] Debug: Executing the worker: SnowConvert
[08/18/2022 06:37:51] Debug: Finished executing the worker: SnowConvert
[08/18/2022 06:37:53] Info: Controller execution ended
